<?xml version="1.0" encoding="UTF-8"?>
<testsuite xmlns:xsi="http://www.w3.org/2001/XMLSchema-instance" xsi:noNamespaceSchemaLocation="https://maven.apache.org/surefire/maven-surefire-plugin/xsd/surefire-test-report.xsd" name="Scenario: Journals From Single Material" time="807.64" tests="135" errors="0" skipped="0" failures="0">
  <properties>
[...]
</properties>
  <testcase name="Given Login Stright Flow username and Pasword" classname="Scenario: Stright Flow Creation Functions" time="0"/>
  <testcase name="And Navigate From Menu to SR In Stright Flow" classname="Scenario: Stright Flow Creation Functions" time="0"/>
  <testcase name="And Creation from SR Stright Flow" classname="Scenario: Stright Flow Creation Functions" time="0"/>
  <testcase name="And Stright Material Card" classname="Scenario: Stright Flow Creation Functions" time="0"/>
  <testcase name="And Stright WBS and Cost Package" classname="Scenario: Stright Flow Creation Functions" time="0"/>
  <testcase name="And Stright Quantiy and Rate" classname="Scenario: Stright Flow Creation Functions" time="0"/>
  <testcase name="And Submit Card material in Stright" classname="Scenario: Stright Flow Creation Functions" time="0"/>
  <testcase name="And Signout in Stright" classname="Scenario: Stright Flow Creation Functions" time="0"/>
  <testcase name="Scenario: Stright Flow Creation Functions" classname="Scenario: Stright Flow Creation Functions" time="1.138"/>
  <testcase name="When Login Stright Flow Approver Username nd Password" classname="Scenario: Stright Flow Approver Functions" time="0"/>
  <testcase name="And Approver Stright Flow Navigate From Menu to SR" classname="Scenario: Stright Flow Approver Functions" time="0"/>
  <testcase name="And Checking ForAction Function Full Flow Stright Case" classname="Scenario: Stright Flow Approver Functions" time="0"/>
  <testcase name="And Checking All Function in Approver Fro Stright Flow" classname="Scenario: Stright Flow Approver Functions" time="0"/>
  <testcase name="And Sign out Approver Stright Flow" classname="Scenario: Stright Flow Approver Functions" time="0"/>
  <testcase name="Scenario: Stright Flow Approver Functions" classname="Scenario: Stright Flow Approver Functions" time="1.775"/>
  <testcase name="Then Login Document View and Process Username nd Password" classname="Scenario: Checking Process and Document View Function" time="0"/>
  <testcase name="And Navigate From Menu to SR Document View and Process" classname="Scenario: Checking Process and Document View Function" time="0"/>
  <testcase name="And Process Flow Details" classname="Scenario: Checking Process and Document View Function" time="0"/>
  <testcase name="And Sign Out For Flow Details" classname="Scenario: Checking Process and Document View Function" time="0"/>
  <testcase name="Scenario: Checking Process and Document View Function" classname="Scenario: Checking Process and Document View Function" time="0.837"/>
  <testcase name="Given Go to Test Environment" classname="Scenario: Domestic Job Service Attachment RFQ Material Verification" time="0"/>
  <testcase name="Then Request For Quote Login and Select RFQ Create Service" classname="Scenario: Domestic Job Service Attachment RFQ Material Verification" time="0"/>
  <testcase name="Then After Login Service Request For Quote Add Service page" classname="Scenario: Domestic Job Service Attachment RFQ Material Verification" time="0"/>
  <testcase name="Then Add RFQ Values from SR Request For Quote Create Page" classname="Scenario: Domestic Job Service Attachment RFQ Material Verification" time="0.003"/>
  <testcase name="And Service Request For Quote Choose Vendors Page Verification" classname="Scenario: Domestic Job Service Attachment RFQ Material Verification" time="0.001"/>
  <testcase name="And Verify to Enter Vendor Service RFQ Create page and Add the Auto BQ Vendor Type then Move to Payment Terms" classname="Scenario: Domestic Job Service Attachment RFQ Material Verification" time="0"/>
  <testcase name="And Enter Service Payment Terms RFQ Create page" classname="Scenario: Domestic Job Service Attachment RFQ Material Verification" time="0"/>
  <testcase name="And Enter Other Terms Page on SR RFQ Create" classname="Scenario: Domestic Job Service Attachment RFQ Material Verification" time="0"/>
  <testcase name="Then Verify and Select Attachment in Other Terms Page on RFQ Create" classname="Scenario: Domestic Job Service Attachment RFQ Material Verification" time="0"/>
  <testcase name="Scenario: Domestic Job Service Attachment RFQ Material Verification" classname="Scenario: Domestic Job Service Attachment RFQ Material Verification" time="1.011"/>
  <testcase name="Given Go to Test Environment" classname="Scenario: Verify to TCD" time="0"/>
  <testcase name="Then Click on Other User" classname="Scenario: Verify to TCD" time="0"/>
  <testcase name="Then Enter EIP QA Username" classname="Scenario: Verify to TCD" time="0"/>
  <testcase name="Then Enter the Password" classname="Scenario: Verify to TCD" time="0"/>
  <testcase name="Then Click on Login" classname="Scenario: Verify to TCD" time="0"/>
  <testcase name="Then Navigate From Menu to TCD" classname="Scenario: Verify to TCD" time="0"/>
  <testcase name="Then Click on Service" classname="Scenario: Verify to TCD" time="0"/>
  <testcase name="Then Click on Filter" classname="Scenario: Verify to TCD" time="0"/>
  <testcase name="Then Pass to RFQ Number from DB" classname="Scenario: Verify to TCD" time="0"/>
  <testcase name="And MouseOver to Click on Create Icon" classname="Scenario: Verify to TCD" time="0"/>
  <testcase name="And Select Job and Vendor" classname="Scenario: Verify to TCD" time="0"/>
  <testcase name="And Pass to Alloc QTY" classname="Scenario: Verify to TCD" time="0"/>
  <testcase name="And Full in TDS Details" classname="Scenario: Verify to TCD" time="0"/>
  <testcase name="And Submit on Mateial" classname="Scenario: Verify to TCD" time="0"/>
  <testcase name="And Post On Material" classname="Scenario: Verify to TCD" time="0"/>
  <testcase name="And SignOut" classname="Scenario: Verify to TCD" time="0"/>
  <testcase name="Scenario: Verify to TCD" classname="Scenario: Verify to TCD" time="0.884"/>
  <testcase name="Given Go to Test Environment" classname="Scenario: Level1 Approve" time="0"/>
  <testcase name="Then Click On Other user1" classname="Scenario: Level1 Approve" time="0"/>
  <testcase name="Then Enter Vailed Username1" classname="Scenario: Level1 Approve" time="0"/>
  <testcase name="And Enter Vailed password1" classname="Scenario: Level1 Approve" time="0"/>
  <testcase name="And Click On Login1" classname="Scenario: Level1 Approve" time="0"/>
  <testcase name="And Click Filter Icon1" classname="Scenario: Level1 Approve" time="0"/>
  <testcase name="And Enter DB From Recent TCD Document No1" classname="Scenario: Level1 Approve" time="0"/>
  <testcase name="And Mouse Over to Approve1" classname="Scenario: Level1 Approve" time="0"/>
  <testcase name="And Sign out1" classname="Scenario: Level1 Approve" time="0"/>
  <testcase name="Scenario: Level1 Approve" classname="Scenario: Level1 Approve" time="0.981"/>
  <testcase name="Given Go to Test Environment" classname="Scenario: Level2 Approve" time="0"/>
  <testcase name="When Click On Other User" classname="Scenario: Level2 Approve" time="0"/>
  <testcase name="And Enter Vailed Username" classname="Scenario: Level2 Approve" time="0"/>
  <testcase name="And Enter Vailed password" classname="Scenario: Level2 Approve" time="0"/>
  <testcase name="And Click On Login" classname="Scenario: Level2 Approve" time="0"/>
  <testcase name="And Click Filter Icon" classname="Scenario: Level2 Approve" time="0.001"/>
  <testcase name="And Enter DB From Recent TCD Document No" classname="Scenario: Level2 Approve" time="0"/>
  <testcase name="And Mouse Over to Approve" classname="Scenario: Level2 Approve" time="0"/>
  <testcase name="And Sign out" classname="Scenario: Level2 Approve" time="0"/>
  <testcase name="Scenario: Level2 Approve" classname="Scenario: Level2 Approve" time="1.132"/>
  <testcase name="Given Login Function Measurement" classname="Scenario: Measurement" time="0"/>
  <testcase name="And Navigate From Menu to Mesurement" classname="Scenario: Measurement" time="0"/>
  <testcase name="And Click on creation Icon" classname="Scenario: Measurement" time="0"/>
  <testcase name="And Work Order Details From Job" classname="Scenario: Measurement" time="0"/>
  <testcase name="And Work Order Details From Group" classname="Scenario: Measurement" time="0"/>
  <testcase name="And Work Order Details From Vendor" classname="Scenario: Measurement" time="0"/>
  <testcase name="And Work Order Details Search" classname="Scenario: Measurement" time="0"/>
  <testcase name="And Select Material" classname="Scenario: Measurement" time="0"/>
  <testcase name="And Measurement From Date Select" classname="Scenario: Measurement" time="0"/>
  <testcase name="And Measurement From Cost Package" classname="Scenario: Measurement" time="0"/>
  <testcase name="And Measurement From WBS" classname="Scenario: Measurement" time="0"/>
  <testcase name="And Measurement From Shape" classname="Scenario: Measurement" time="0"/>
  <testcase name="And Measurement From Save" classname="Scenario: Measurement" time="0"/>
  <testcase name="And Measurement Submit" classname="Scenario: Measurement" time="0"/>
  <testcase name="And Click to Home Page" classname="Scenario: Measurement" time="0"/>
  <testcase name="And Sign Out Function" classname="Scenario: Measurement" time="0"/>
  <testcase name="Scenario: Measurement" classname="Scenario: Measurement" time="1.151"/>
  <testcase name="Given Login UserName and Password For Bill Creation" classname="Scenario: Bill Create Single Material" time="0"/>
  <testcase name="And Navigate From Menu to Bill Create" classname="Scenario: Bill Create Single Material" time="0"/>
  <testcase name="And Click on Filter Icon To Pass value" classname="Scenario: Bill Create Single Material" time="0"/>
  <testcase name="And Create to Bill Create" classname="Scenario: Bill Create Single Material" time="0"/>
  <testcase name="And Click On Measurment Details" classname="Scenario: Bill Create Single Material" time="0"/>
  <testcase name="And Select Material in Radio Box" classname="Scenario: Bill Create Single Material" time="0"/>
  <testcase name="And Approve Qty" classname="Scenario: Bill Create Single Material" time="0"/>
  <testcase name="And Select On Measurment Material" classname="Scenario: Bill Create Single Material" time="0"/>
  <testcase name="And This Qty Change" classname="Scenario: Bill Create Single Material" time="0"/>
  <testcase name="And Save Measurement Approve Qty" classname="Scenario: Bill Create Single Material" time="0"/>
  <testcase name="And Close to Page Measurment in This Qty" classname="Scenario: Bill Create Single Material" time="0"/>
  <testcase name="And Submit Measurment and Pop Handle" classname="Scenario: Bill Create Single Material" time="0"/>
  <testcase name="And Sign Out" classname="Scenario: Bill Create Single Material" time="0"/>
  <testcase name="Scenario: Bill Create Single Material" classname="Scenario: Bill Create Single Material" time="0.849"/>
  <testcase name="When Login UserName and Password For Bill Deduction" classname="Scenario: Bill Deduction Single Material" time="0"/>
  <testcase name="And Navigate From Menu to Bill Deduction" classname="Scenario: Bill Deduction Single Material" time="0"/>
  <testcase name="And Click on Inprogess to Select Material" classname="Scenario: Bill Deduction Single Material" time="0"/>
  <testcase name="And MouseOver to Click on Bill Deduction Icon" classname="Scenario: Bill Deduction Single Material" time="0"/>
  <testcase name="And TDS Update Click to Select to selection" classname="Scenario: Bill Deduction Single Material" time="0"/>
  <testcase name="And save to TDS Update" classname="Scenario: Bill Deduction Single Material" time="0"/>
  <testcase name="And Sub contractor Invoice Value Pass" classname="Scenario: Bill Deduction Single Material" time="0"/>
  <testcase name="And Invoice Date Select" classname="Scenario: Bill Deduction Single Material" time="0"/>
  <testcase name="And Select on Payment Type" classname="Scenario: Bill Deduction Single Material" time="0"/>
  <testcase name="And Submit to Bill Deduction" classname="Scenario: Bill Deduction Single Material" time="0"/>
  <testcase name="And Sign Out1" classname="Scenario: Bill Deduction Single Material" time="0"/>
  <testcase name="Scenario: Bill Deduction Single Material" classname="Scenario: Bill Deduction Single Material" time="1.102"/>
  <testcase name="Then Login UserName and Password For Bill Approve" classname="Scenario: Bill Approve Single Material" time="0"/>
  <testcase name="And Click to Filter Icon" classname="Scenario: Bill Approve Single Material" time="0"/>
  <testcase name="And Click Document No and pass value" classname="Scenario: Bill Approve Single Material" time="0"/>
  <testcase name="And MouseOver to Document No" classname="Scenario: Bill Approve Single Material" time="0"/>
  <testcase name="And Approve to Bill" classname="Scenario: Bill Approve Single Material" time="0"/>
  <testcase name="And Sign Out2" classname="Scenario: Bill Approve Single Material" time="0"/>
  <testcase name="Scenario: Bill Approve Single Material" classname="Scenario: Bill Approve Single Material" time="0.9"/>
  <testcase name="Given Login Function" classname="Scenario: Scrutiny From Single Material" time="0"/>
  <testcase name="And Navigate Menu From Scrutiny" classname="Scenario: Scrutiny From Single Material" time="0"/>
  <testcase name="And Click on Filter Icon" classname="Scenario: Scrutiny From Single Material" time="0"/>
  <testcase name="And Pass Invoice Reg No From DB Connection" classname="Scenario: Scrutiny From Single Material" time="0"/>
  <testcase name="And Edit Scrutinize Material" classname="Scenario: Scrutiny From Single Material" time="0"/>
  <testcase name="And Get Work Order No In Text" classname="Scenario: Scrutiny From Single Material" time="0"/>
  <testcase name="And Submit Scrutinize" classname="Scenario: Scrutiny From Single Material" time="0"/>
  <testcase name="And Signout Function" classname="Scenario: Scrutiny From Single Material" time="0"/>
  <testcase name="Scenario: Scrutiny From Single Material" classname="Scenario: Scrutiny From Single Material" time="1.166"/>
  <testcase name="Given Login Function Journals" classname="Scenario: Journals From Single Material" time="0"/>
  <testcase name="And Navigate Menu From Journals" classname="Scenario: Journals From Single Material" time="0"/>
  <testcase name="And Click on Filter Icon Journals" classname="Scenario: Journals From Single Material" time="0"/>
  <testcase name="And Pass Invoice Regs No From DB Connection" classname="Scenario: Journals From Single Material" time="0"/>
  <testcase name="And Edit Journals Material" classname="Scenario: Journals From Single Material" time="0"/>
  <testcase name="And Check Work Order No in page" classname="Scenario: Journals From Single Material" time="0"/>
  <testcase name="And Submit Journals" classname="Scenario: Journals From Single Material" time="0"/>
  <testcase name="And signout Function" classname="Scenario: Journals From Single Material" time="0"/>
  <testcase name="Scenario: Journals From Single Material" classname="Scenario: Journals From Single Material" time="1.892"/>
</testsuite>