<?xml version="1.0" encoding="UTF-8"?>
<testsuite xmlns:xsi="http://www.w3.org/2001/XMLSchema-instance" xsi:noNamespaceSchemaLocation="https://maven.apache.org/surefire/maven-surefire-plugin/xsd/surefire-test-report.xsd" name="Scenario: Verify BreakDown PAge" time="1,197.316" tests="442" errors="0" skipped="0" failures="0">
  <properties>
[...]
</properties>
  <testcase name="Given Go to Test Environments" classname="Scenario: To verify the login functionality" time="0.007"/>
  <testcase name="Then clicks the Otheruser button" classname="Scenario: To verify the login functionality" time="0"/>
  <testcase name="Then enters username" classname="Scenario: To verify the login functionality" time="0"/>
  <testcase name="Then enters password" classname="Scenario: To verify the login functionality" time="0"/>
  <testcase name="Then clicks the Login button" classname="Scenario: To verify the login functionality" time="0"/>
  <testcase name="Then clicks the profile button" classname="Scenario: To verify the login functionality" time="0"/>
  <testcase name="Then clicks the signout button" classname="Scenario: To verify the login functionality" time="0"/>
  <testcase name="Scenario: To verify the login functionality" classname="Scenario: To verify the login functionality" time="0.355"/>
  <testcase name="Given Go to Test Environments" classname="Scenario: To verify the logsheet menu options" time="0"/>
  <testcase name="Then clicks the Otheruser button" classname="Scenario: To verify the logsheet menu options" time="0"/>
  <testcase name="Then enters username" classname="Scenario: To verify the logsheet menu options" time="0"/>
  <testcase name="Then enters password" classname="Scenario: To verify the logsheet menu options" time="0"/>
  <testcase name="Then clicks the Login button" classname="Scenario: To verify the logsheet menu options" time="0.001"/>
  <testcase name="Then clicks the menu button" classname="Scenario: To verify the logsheet menu options" time="0"/>
  <testcase name="Then move to the asset mgmt" classname="Scenario: To verify the logsheet menu options" time="0"/>
  <testcase name="Then move to the AMS 4.0" classname="Scenario: To verify the logsheet menu options" time="0.001"/>
  <testcase name="Then move to the Operations &amp; Maintenance" classname="Scenario: To verify the logsheet menu options" time="0"/>
  <testcase name="Then move to LogSheet" classname="Scenario: To verify the logsheet menu options" time="0"/>
  <testcase name="Then clicks the profile button" classname="Scenario: To verify the logsheet menu options" time="0"/>
  <testcase name="Then clicks the signout button" classname="Scenario: To verify the logsheet menu options" time="0"/>
  <testcase name="Scenario: To verify the logsheet menu options" classname="Scenario: To verify the logsheet menu options" time="0.223"/>
  <testcase name="Given Go to Test Environments" classname="Scenario: To verify the landing page" time="0"/>
  <testcase name="Then clicks the Otheruser button" classname="Scenario: To verify the landing page" time="0"/>
  <testcase name="Then enters username" classname="Scenario: To verify the landing page" time="0"/>
  <testcase name="Then enters password" classname="Scenario: To verify the landing page" time="0.001"/>
  <testcase name="Then clicks the Login button" classname="Scenario: To verify the landing page" time="0"/>
  <testcase name="Then clicks the menu button" classname="Scenario: To verify the landing page" time="0"/>
  <testcase name="Then move to the asset mgmt" classname="Scenario: To verify the landing page" time="0"/>
  <testcase name="Then move to the AMS 4.0" classname="Scenario: To verify the landing page" time="0"/>
  <testcase name="Then move to the Operations &amp; Maintenance" classname="Scenario: To verify the landing page" time="0"/>
  <testcase name="Then move to LogSheet" classname="Scenario: To verify the landing page" time="0"/>
  <testcase name="Then select jobcode from dropdown" classname="Scenario: To verify the landing page" time="0"/>
  <testcase name="Then select assetcode from dropdown" classname="Scenario: To verify the landing page" time="0"/>
  <testcase name="Then select date from dropdown" classname="Scenario: To verify the landing page" time="0"/>
  <testcase name="Then clicks go button" classname="Scenario: To verify the landing page" time="0"/>
  <testcase name="Then clicks refresh button" classname="Scenario: To verify the landing page" time="0"/>
  <testcase name="Then clicks the profile button" classname="Scenario: To verify the landing page" time="0"/>
  <testcase name="Then clicks the signout button" classname="Scenario: To verify the landing page" time="0"/>
  <testcase name="Then close the browser" classname="Scenario: To verify the landing page" time="0"/>
  <testcase name="Scenario: To verify the landing page" classname="Scenario: To verify the landing page" time="0.176"/>
  <testcase name="Given Go to Test Environments" classname="Scenario: To verify the icons in landing page" time="0"/>
  <testcase name="Then clicks the Otheruser button" classname="Scenario: To verify the icons in landing page" time="0"/>
  <testcase name="Then enters username" classname="Scenario: To verify the icons in landing page" time="0"/>
  <testcase name="Then enters password" classname="Scenario: To verify the icons in landing page" time="0"/>
  <testcase name="Then clicks the Login button" classname="Scenario: To verify the icons in landing page" time="0"/>
  <testcase name="Then clicks the menu button" classname="Scenario: To verify the icons in landing page" time="0"/>
  <testcase name="Then move to the asset mgmt" classname="Scenario: To verify the icons in landing page" time="0.001"/>
  <testcase name="Then move to the AMS 4.0" classname="Scenario: To verify the icons in landing page" time="0"/>
  <testcase name="Then move to the Operations &amp; Maintenance" classname="Scenario: To verify the icons in landing page" time="0"/>
  <testcase name="Then move to LogSheet" classname="Scenario: To verify the icons in landing page" time="0"/>
  <testcase name="Then select jobcode from dropdown" classname="Scenario: To verify the icons in landing page" time="0"/>
  <testcase name="Then select assetcode from dropdown" classname="Scenario: To verify the icons in landing page" time="0.001"/>
  <testcase name="Then select date from dropdown" classname="Scenario: To verify the icons in landing page" time="0"/>
  <testcase name="Then clicks go button" classname="Scenario: To verify the icons in landing page" time="0"/>
  <testcase name="Then clicks refresh button" classname="Scenario: To verify the icons in landing page" time="0"/>
  <testcase name="Then clicks i icon" classname="Scenario: To verify the icons in landing page" time="0"/>
  <testcase name="Then clicks iot icon" classname="Scenario: To verify the icons in landing page" time="0"/>
  <testcase name="Then clicks the profile button" classname="Scenario: To verify the icons in landing page" time="0"/>
  <testcase name="Then clicks the signout button" classname="Scenario: To verify the icons in landing page" time="0"/>
  <testcase name="Scenario: To verify the icons in landing page" classname="Scenario: To verify the icons in landing page" time="0.172"/>
  <testcase name="Given Go to Test Environments" classname="Scenario: To verify asset information" time="0"/>
  <testcase name="Then clicks the Otheruser button" classname="Scenario: To verify asset information" time="0"/>
  <testcase name="Then enters username" classname="Scenario: To verify asset information" time="0.001"/>
  <testcase name="Then enters password" classname="Scenario: To verify asset information" time="0"/>
  <testcase name="Then clicks the Login button" classname="Scenario: To verify asset information" time="0"/>
  <testcase name="Then clicks the menu button" classname="Scenario: To verify asset information" time="0"/>
  <testcase name="Then move to the asset mgmt" classname="Scenario: To verify asset information" time="0"/>
  <testcase name="Then move to the AMS 4.0" classname="Scenario: To verify asset information" time="0"/>
  <testcase name="Then move to the Operations &amp; Maintenance" classname="Scenario: To verify asset information" time="0"/>
  <testcase name="Then move to LogSheet" classname="Scenario: To verify asset information" time="0"/>
  <testcase name="Then select jobcode from dropdown" classname="Scenario: To verify asset information" time="0"/>
  <testcase name="Then select assetcode from dropdown" classname="Scenario: To verify asset information" time="0"/>
  <testcase name="Then clicks i icon" classname="Scenario: To verify asset information" time="0"/>
  <testcase name="Then compare the values asset info with db" classname="Scenario: To verify asset information" time="0"/>
  <testcase name="Then close the connection" classname="Scenario: To verify asset information" time="0"/>
  <testcase name="Scenario: To verify asset information" classname="Scenario: To verify asset information" time="0.148"/>
  <testcase name="Given Navigate to Test Enviroment" classname="Scenario: Verify AMS Login" time="0"/>
  <testcase name="Then Click on Other User" classname="Scenario: Verify AMS Login" time="0"/>
  <testcase name="Then Enter user name in AMS" classname="Scenario: Verify AMS Login" time="0"/>
  <testcase name="Then Enter the Password in AMS" classname="Scenario: Verify AMS Login" time="0"/>
  <testcase name="Then Click on Login" classname="Scenario: Verify AMS Login" time="0"/>
  <testcase name="Scenario: Verify AMS Login" classname="Scenario: Verify AMS Login" time="0.488"/>
  <testcase name="Given Navigate to Test Enviroment" classname="Scenario: Verify Logsheet AMSMenu" time="0"/>
  <testcase name="Then Click on Other User" classname="Scenario: Verify Logsheet AMSMenu" time="0"/>
  <testcase name="Then Enter user name in AMS" classname="Scenario: Verify Logsheet AMSMenu" time="0"/>
  <testcase name="Then Enter the Password in AMS" classname="Scenario: Verify Logsheet AMSMenu" time="0"/>
  <testcase name="Then Click on Login" classname="Scenario: Verify Logsheet AMSMenu" time="0"/>
  <testcase name="Then Click the Asset mgmt in menu" classname="Scenario: Verify Logsheet AMSMenu" time="0"/>
  <testcase name="And Click the Operations and Maintenance in menu" classname="Scenario: Verify Logsheet AMSMenu" time="0"/>
  <testcase name="Then Click the LogSheet in menu" classname="Scenario: Verify Logsheet AMSMenu" time="0"/>
  <testcase name="Scenario: Verify Logsheet AMSMenu" classname="Scenario: Verify Logsheet AMSMenu" time="0.236"/>
  <testcase name="Given Navigate to Test Enviroment" classname="Scenario: Verify AMS Logsheet Landing Page" time="0"/>
  <testcase name="Then Click on Other User" classname="Scenario: Verify AMS Logsheet Landing Page" time="0"/>
  <testcase name="Then Enter user name in AMS" classname="Scenario: Verify AMS Logsheet Landing Page" time="0"/>
  <testcase name="Then Enter the Password in AMS" classname="Scenario: Verify AMS Logsheet Landing Page" time="0"/>
  <testcase name="Then Click on Login" classname="Scenario: Verify AMS Logsheet Landing Page" time="0"/>
  <testcase name="And Verify the AMS Menu" classname="Scenario: Verify AMS Logsheet Landing Page" time="0"/>
  <testcase name="Then Click the Asset mgmt in menu" classname="Scenario: Verify AMS Logsheet Landing Page" time="0"/>
  <testcase name="And Click the Operations and Maintenance in menu" classname="Scenario: Verify AMS Logsheet Landing Page" time="0"/>
  <testcase name="Then Click the LogSheet in menu" classname="Scenario: Verify AMS Logsheet Landing Page" time="0"/>
  <testcase name="And Click the JobCode in the Job selection" classname="Scenario: Verify AMS Logsheet Landing Page" time="0"/>
  <testcase name="Then Enter the Job code in the Job" classname="Scenario: Verify AMS Logsheet Landing Page" time="0"/>
  <testcase name="And Enter the Asset code in the Asset place holder" classname="Scenario: Verify AMS Logsheet Landing Page" time="0"/>
  <testcase name="And Click create new Logsheet button in the landing page" classname="Scenario: Verify AMS Logsheet Landing Page" time="0"/>
  <testcase name="Scenario: Verify AMS Logsheet Landing Page" classname="Scenario: Verify AMS Logsheet Landing Page" time="0.241"/>
  <testcase name="Given Navigate to Test Enviroment" classname="Scenario: Verify Day Based Log sheet Creation" time="0"/>
  <testcase name="Then Click on Other User" classname="Scenario: Verify Day Based Log sheet Creation" time="0"/>
  <testcase name="Then Enter user name in AMS" classname="Scenario: Verify Day Based Log sheet Creation" time="0"/>
  <testcase name="Then Enter the Password in AMS" classname="Scenario: Verify Day Based Log sheet Creation" time="0"/>
  <testcase name="Then Click on Login" classname="Scenario: Verify Day Based Log sheet Creation" time="0"/>
  <testcase name="And Verify the AMS Menu" classname="Scenario: Verify Day Based Log sheet Creation" time="0"/>
  <testcase name="Then Click the Asset mgmt in menu" classname="Scenario: Verify Day Based Log sheet Creation" time="0"/>
  <testcase name="And Click the Operations and Maintenance in menu" classname="Scenario: Verify Day Based Log sheet Creation" time="0"/>
  <testcase name="Then Click the LogSheet in menu" classname="Scenario: Verify Day Based Log sheet Creation" time="0"/>
  <testcase name="And Click the JobCode in the Job selection" classname="Scenario: Verify Day Based Log sheet Creation" time="0"/>
  <testcase name="Then Enter the Job code in the Job" classname="Scenario: Verify Day Based Log sheet Creation" time="0"/>
  <testcase name="And Enter the Asset code in the Asset place holder" classname="Scenario: Verify Day Based Log sheet Creation" time="0"/>
  <testcase name="And Click create new Logsheet button in the landing page" classname="Scenario: Verify Day Based Log sheet Creation" time="0"/>
  <testcase name="Then Enter the End meter reading in the creation page" classname="Scenario: Verify Day Based Log sheet Creation" time="0"/>
  <testcase name="And Enter the Quantity in the Production Entry" classname="Scenario: Verify Day Based Log sheet Creation" time="0"/>
  <testcase name="Then click the submit button to submit the Log sheet" classname="Scenario: Verify Day Based Log sheet Creation" time="0"/>
  <testcase name="Scenario: Verify Day Based Log sheet Creation" classname="Scenario: Verify Day Based Log sheet Creation" time="0.245"/>
  <testcase name="Given Navigate to Test Enviroment" classname="Scenario: verify Maintenance Day Log sheet Creation with OT" time="0"/>
  <testcase name="Then Click on Other User" classname="Scenario: verify Maintenance Day Log sheet Creation with OT" time="0"/>
  <testcase name="Then Enter user name in AMS" classname="Scenario: verify Maintenance Day Log sheet Creation with OT" time="0"/>
  <testcase name="Then Enter the Password in AMS" classname="Scenario: verify Maintenance Day Log sheet Creation with OT" time="0"/>
  <testcase name="Then Click on Login" classname="Scenario: verify Maintenance Day Log sheet Creation with OT" time="0"/>
  <testcase name="And Verify the AMS Menu" classname="Scenario: verify Maintenance Day Log sheet Creation with OT" time="0"/>
  <testcase name="Then Click the Asset mgmt in menu" classname="Scenario: verify Maintenance Day Log sheet Creation with OT" time="0"/>
  <testcase name="And Click the Operations and Maintenance in menu" classname="Scenario: verify Maintenance Day Log sheet Creation with OT" time="0"/>
  <testcase name="Then Click the LogSheet in menu" classname="Scenario: verify Maintenance Day Log sheet Creation with OT" time="0"/>
  <testcase name="And Click the JobCode in the Job selection" classname="Scenario: verify Maintenance Day Log sheet Creation with OT" time="0"/>
  <testcase name="Then Enter the Job code in the Job" classname="Scenario: verify Maintenance Day Log sheet Creation with OT" time="0"/>
  <testcase name="And Enter the Asset code in the Asset place holder" classname="Scenario: verify Maintenance Day Log sheet Creation with OT" time="0"/>
  <testcase name="And Click create new Logsheet button in the landing page" classname="Scenario: verify Maintenance Day Log sheet Creation with OT" time="0"/>
  <testcase name="Then Click the Maintenance toggle button in the Log sheet creation page" classname="Scenario: verify Maintenance Day Log sheet Creation with OT" time="0"/>
  <testcase name="And Enter the Maintenance End Reading in the Log Sheet" classname="Scenario: verify Maintenance Day Log sheet Creation with OT" time="0"/>
  <testcase name="And Enter the over time in the maintenance day log sheet" classname="Scenario: verify Maintenance Day Log sheet Creation with OT" time="0"/>
  <testcase name="Then Enter the production Quantity for maintenance OT" classname="Scenario: verify Maintenance Day Log sheet Creation with OT" time="0"/>
  <testcase name="Then click the submit button to submit the Log sheet" classname="Scenario: verify Maintenance Day Log sheet Creation with OT" time="0"/>
  <testcase name="Scenario: verify Maintenance Day Log sheet Creation with OT" classname="Scenario: verify Maintenance Day Log sheet Creation with OT" time="0.175"/>
  <testcase name="Given Navigate to Test Enviroment" classname="Scenario: Verify Hired Day based Log sheet with Idle hours" time="0"/>
  <testcase name="Then Click on Other User" classname="Scenario: Verify Hired Day based Log sheet with Idle hours" time="0"/>
  <testcase name="Then Enter user name in AMS" classname="Scenario: Verify Hired Day based Log sheet with Idle hours" time="0"/>
  <testcase name="Then Enter the Password in AMS" classname="Scenario: Verify Hired Day based Log sheet with Idle hours" time="0"/>
  <testcase name="Then Click on Login" classname="Scenario: Verify Hired Day based Log sheet with Idle hours" time="0"/>
  <testcase name="And Verify the AMS Menu" classname="Scenario: Verify Hired Day based Log sheet with Idle hours" time="0"/>
  <testcase name="Then Click the Asset mgmt in menu" classname="Scenario: Verify Hired Day based Log sheet with Idle hours" time="0"/>
  <testcase name="And Click the Operations and Maintenance in menu" classname="Scenario: Verify Hired Day based Log sheet with Idle hours" time="0"/>
  <testcase name="Then Click the LogSheet in menu" classname="Scenario: Verify Hired Day based Log sheet with Idle hours" time="0"/>
  <testcase name="And Click the JobCode in the Job selection" classname="Scenario: Verify Hired Day based Log sheet with Idle hours" time="0"/>
  <testcase name="Then Enter the Job code in the Job" classname="Scenario: Verify Hired Day based Log sheet with Idle hours" time="0"/>
  <testcase name="And Enter the Asset code in the Asset place holder" classname="Scenario: Verify Hired Day based Log sheet with Idle hours" time="0"/>
  <testcase name="And Click create new Logsheet button in the landing page" classname="Scenario: Verify Hired Day based Log sheet with Idle hours" time="0"/>
  <testcase name="Then Enter the End meter reading in the creation page" classname="Scenario: Verify Hired Day based Log sheet with Idle hours" time="0"/>
  <testcase name="And Enter the Idle hours in the Hired Day based Log sheet" classname="Scenario: Verify Hired Day based Log sheet with Idle hours" time="0"/>
  <testcase name="Then Enter the BreakDown hours in the Hired Day based Log sheet" classname="Scenario: Verify Hired Day based Log sheet with Idle hours" time="0"/>
  <testcase name="And Enter the Quantity in the Production Entry" classname="Scenario: Verify Hired Day based Log sheet with Idle hours" time="0"/>
  <testcase name="Then click the submit button to submit the Log sheet" classname="Scenario: Verify Hired Day based Log sheet with Idle hours" time="0"/>
  <testcase name="Scenario: Verify Hired Day based Log sheet with Idle hours" classname="Scenario: Verify Hired Day based Log sheet with Idle hours" time="0.386"/>
  <testcase name="Given Navigate to Test Enviroment" classname="Scenario: verify Delete log sheet in the creation page" time="0"/>
  <testcase name="Then Click on Other User" classname="Scenario: verify Delete log sheet in the creation page" time="0"/>
  <testcase name="Then Enter user name in AMS" classname="Scenario: verify Delete log sheet in the creation page" time="0"/>
  <testcase name="Then Enter the Password in AMS" classname="Scenario: verify Delete log sheet in the creation page" time="0"/>
  <testcase name="Then Click on Login" classname="Scenario: verify Delete log sheet in the creation page" time="0"/>
  <testcase name="And Verify the AMS Menu" classname="Scenario: verify Delete log sheet in the creation page" time="0"/>
  <testcase name="Then Click the Asset mgmt in menu" classname="Scenario: verify Delete log sheet in the creation page" time="0"/>
  <testcase name="And Click the Operations and Maintenance in menu" classname="Scenario: verify Delete log sheet in the creation page" time="0"/>
  <testcase name="Then Click the LogSheet in menu" classname="Scenario: verify Delete log sheet in the creation page" time="0"/>
  <testcase name="And Click the JobCode in the Job selection" classname="Scenario: verify Delete log sheet in the creation page" time="0"/>
  <testcase name="Then Enter the Job code in the Job" classname="Scenario: verify Delete log sheet in the creation page" time="0.001"/>
  <testcase name="And Enter the Asset code in the Asset place holder" classname="Scenario: verify Delete log sheet in the creation page" time="0"/>
  <testcase name="And Click create new Logsheet button in the landing page" classname="Scenario: verify Delete log sheet in the creation page" time="0"/>
  <testcase name="Then Click the Date Left arrow in the creation page" classname="Scenario: verify Delete log sheet in the creation page" time="0"/>
  <testcase name="And Click the Delete button in the Log sheet Creation page to delete Log sheet" classname="Scenario: verify Delete log sheet in the creation page" time="0"/>
  <testcase name="Scenario: verify Delete log sheet in the creation page" classname="Scenario: verify Delete log sheet in the creation page" time="0.212"/>
  <testcase name="Given Navigate to Test Enviroment" classname="Scenario: Validation of mobile uploaded images and Remarks" time="0"/>
  <testcase name="Then Click on Other User" classname="Scenario: Validation of mobile uploaded images and Remarks" time="0"/>
  <testcase name="Then Enter user name in AMS" classname="Scenario: Validation of mobile uploaded images and Remarks" time="0"/>
  <testcase name="Then Enter the Password in AMS" classname="Scenario: Validation of mobile uploaded images and Remarks" time="0"/>
  <testcase name="Then Click on Login" classname="Scenario: Validation of mobile uploaded images and Remarks" time="0"/>
  <testcase name="And Verify the AMS Menu" classname="Scenario: Validation of mobile uploaded images and Remarks" time="0"/>
  <testcase name="Then Click the Asset mgmt in menu" classname="Scenario: Validation of mobile uploaded images and Remarks" time="0"/>
  <testcase name="And Click the Operations and Maintenance in menu" classname="Scenario: Validation of mobile uploaded images and Remarks" time="0"/>
  <testcase name="Then Click the LogSheet in menu" classname="Scenario: Validation of mobile uploaded images and Remarks" time="0.001"/>
  <testcase name="And Click the JobCode in the Job selection" classname="Scenario: Validation of mobile uploaded images and Remarks" time="0"/>
  <testcase name="Then Enter the Job code in the Job" classname="Scenario: Validation of mobile uploaded images and Remarks" time="0"/>
  <testcase name="And Enter the Asset code in the Asset place holder" classname="Scenario: Validation of mobile uploaded images and Remarks" time="0"/>
  <testcase name="And Click create new Logsheet button in the landing page" classname="Scenario: Validation of mobile uploaded images and Remarks" time="0"/>
  <testcase name="Then Click the Remarks button in the Log sheet Creation Page" classname="Scenario: Validation of mobile uploaded images and Remarks" time="0"/>
  <testcase name="Scenario: Validation of mobile uploaded images and Remarks" classname="Scenario: Validation of mobile uploaded images and Remarks" time="0.262"/>
  <testcase name="Given Navigate to Test Enviroment" classname="Scenario: Verify Time Based Log sheet Creation" time="0"/>
  <testcase name="Then Click on Other User" classname="Scenario: Verify Time Based Log sheet Creation" time="0.001"/>
  <testcase name="Then Enter user name in AMS" classname="Scenario: Verify Time Based Log sheet Creation" time="0"/>
  <testcase name="Then Enter the Password in AMS" classname="Scenario: Verify Time Based Log sheet Creation" time="0"/>
  <testcase name="Then Click on Login" classname="Scenario: Verify Time Based Log sheet Creation" time="0"/>
  <testcase name="And Verify the AMS Menu" classname="Scenario: Verify Time Based Log sheet Creation" time="0"/>
  <testcase name="Then Click the Asset mgmt in menu" classname="Scenario: Verify Time Based Log sheet Creation" time="0"/>
  <testcase name="And Click the Operations and Maintenance in menu" classname="Scenario: Verify Time Based Log sheet Creation" time="0"/>
  <testcase name="Then Click the LogSheet in menu" classname="Scenario: Verify Time Based Log sheet Creation" time="0"/>
  <testcase name="And Click the JobCode in the Job selection" classname="Scenario: Verify Time Based Log sheet Creation" time="0"/>
  <testcase name="Then Enter the Job code in the Job" classname="Scenario: Verify Time Based Log sheet Creation" time="0"/>
  <testcase name="And Enter the Asset code in the Asset place holder" classname="Scenario: Verify Time Based Log sheet Creation" time="0"/>
  <testcase name="And Click create new Logsheet button in the landing page" classname="Scenario: Verify Time Based Log sheet Creation" time="0"/>
  <testcase name="Then Click the Time Based button in the creation page" classname="Scenario: Verify Time Based Log sheet Creation" time="0"/>
  <testcase name="And Click Yes button in the Confirmation popup" classname="Scenario: Verify Time Based Log sheet Creation" time="0"/>
  <testcase name="Then Click the Work button in the Time Based Log sheet creation" classname="Scenario: Verify Time Based Log sheet Creation" time="0"/>
  <testcase name="And Enter the End meter reading in the Time Based creation page" classname="Scenario: Verify Time Based Log sheet Creation" time="0"/>
  <testcase name="And Click the start time in the Time Based log sheet creation" classname="Scenario: Verify Time Based Log sheet Creation" time="0"/>
  <testcase name="Then Select the Start time from the timer" classname="Scenario: Verify Time Based Log sheet Creation" time="0"/>
  <testcase name="And Click the set option in the timer" classname="Scenario: Verify Time Based Log sheet Creation" time="0"/>
  <testcase name="Then Click the End time in the Time Based log sheet creation" classname="Scenario: Verify Time Based Log sheet Creation" time="0"/>
  <testcase name="And Select the End time from the timer" classname="Scenario: Verify Time Based Log sheet Creation" time="0"/>
  <testcase name="Then Click the set option in the End timer" classname="Scenario: Verify Time Based Log sheet Creation" time="0"/>
  <testcase name="And Click the save icon in the time based log sheet" classname="Scenario: Verify Time Based Log sheet Creation" time="0"/>
  <testcase name="Then Enter the Quantity in the Time Based Production Entry" classname="Scenario: Verify Time Based Log sheet Creation" time="0"/>
  <testcase name="And click the submit button to submit the Time Based Log sheet" classname="Scenario: Verify Time Based Log sheet Creation" time="0"/>
  <testcase name="Scenario: Verify Time Based Log sheet Creation" classname="Scenario: Verify Time Based Log sheet Creation" time="0.29"/>
  <testcase name="Given Navigate to Test Enviroment" classname="Scenario: Verify the Breakdown entry for hired asset_Time based" time="0"/>
  <testcase name="Then Click on Other User" classname="Scenario: Verify the Breakdown entry for hired asset_Time based" time="0"/>
  <testcase name="Then Enter user name in AMS" classname="Scenario: Verify the Breakdown entry for hired asset_Time based" time="0"/>
  <testcase name="Then Enter the Password in AMS" classname="Scenario: Verify the Breakdown entry for hired asset_Time based" time="0"/>
  <testcase name="Then Click on Login" classname="Scenario: Verify the Breakdown entry for hired asset_Time based" time="0"/>
  <testcase name="Then Click the Asset mgmt in menu" classname="Scenario: Verify the Breakdown entry for hired asset_Time based" time="0"/>
  <testcase name="And Click the Operations and Maintenance in menu" classname="Scenario: Verify the Breakdown entry for hired asset_Time based" time="0"/>
  <testcase name="Then Click the LogSheet in menu" classname="Scenario: Verify the Breakdown entry for hired asset_Time based" time="0"/>
  <testcase name="And Select the JobCode" classname="Scenario: Verify the Breakdown entry for hired asset_Time based" time="0"/>
  <testcase name="Then Select the Hired Asset code" classname="Scenario: Verify the Breakdown entry for hired asset_Time based" time="0"/>
  <testcase name="Then Give the dutation" classname="Scenario: Verify the Breakdown entry for hired asset_Time based" time="0"/>
  <testcase name="Then Give Go" classname="Scenario: Verify the Breakdown entry for hired asset_Time based" time="0"/>
  <testcase name="Then Give Go" classname="Scenario: Verify the Breakdown entry for hired asset_Time based" time="0"/>
  <testcase name="Then click refresh button" classname="Scenario: Verify the Breakdown entry for hired asset_Time based" time="0"/>
  <testcase name="Then Click Create new LogSheet button" classname="Scenario: Verify the Breakdown entry for hired asset_Time based" time="0"/>
  <testcase name="Then Move to TimeBased tab" classname="Scenario: Verify the Breakdown entry for hired asset_Time based" time="0"/>
  <testcase name="Then Click Work entry" classname="Scenario: Verify the Breakdown entry for hired asset_Time based" time="0"/>
  <testcase name="Then enter Endmeter reading" classname="Scenario: Verify the Breakdown entry for hired asset_Time based" time="0"/>
  <testcase name="Then enter Start time" classname="Scenario: Verify the Breakdown entry for hired asset_Time based" time="0"/>
  <testcase name="And Enter End time" classname="Scenario: Verify the Breakdown entry for hired asset_Time based" time="0"/>
  <testcase name="Then Click action Save button" classname="Scenario: Verify the Breakdown entry for hired asset_Time based" time="0"/>
  <testcase name="Then Enter production Quantity" classname="Scenario: Verify the Breakdown entry for hired asset_Time based" time="0"/>
  <testcase name="Then Click Breakdown button" classname="Scenario: Verify the Breakdown entry for hired asset_Time based" time="0"/>
  <testcase name="Then give end time" classname="Scenario: Verify the Breakdown entry for hired asset_Time based" time="0"/>
  <testcase name="Then Click action save for breakdown entry" classname="Scenario: Verify the Breakdown entry for hired asset_Time based" time="0"/>
  <testcase name="Then Click Submit button to submit logsheet" classname="Scenario: Verify the Breakdown entry for hired asset_Time based" time="0"/>
  <testcase name="Scenario: Verify the Breakdown entry for hired asset_Time based" classname="Scenario: Verify the Breakdown entry for hired asset_Time based" time="0.275"/>
  <testcase name="Given Navigate to Test Enviroment" classname="Scenario: Verify the Breakdown entry for hired asset_Day based" time="0"/>
  <testcase name="Then Click on Other User" classname="Scenario: Verify the Breakdown entry for hired asset_Day based" time="0"/>
  <testcase name="Then Enter user name in AMS" classname="Scenario: Verify the Breakdown entry for hired asset_Day based" time="0"/>
  <testcase name="Then Enter the Password in AMS" classname="Scenario: Verify the Breakdown entry for hired asset_Day based" time="0"/>
  <testcase name="Then Click on Login" classname="Scenario: Verify the Breakdown entry for hired asset_Day based" time="0"/>
  <testcase name="Then Click the Asset mgmt in menu" classname="Scenario: Verify the Breakdown entry for hired asset_Day based" time="0"/>
  <testcase name="And Click the Operations and Maintenance in menu" classname="Scenario: Verify the Breakdown entry for hired asset_Day based" time="0"/>
  <testcase name="Then Click the LogSheet in menu" classname="Scenario: Verify the Breakdown entry for hired asset_Day based" time="0"/>
  <testcase name="And Select the JobCode" classname="Scenario: Verify the Breakdown entry for hired asset_Day based" time="0"/>
  <testcase name="Then Select the Hired Asset code" classname="Scenario: Verify the Breakdown entry for hired asset_Day based" time="0"/>
  <testcase name="Then Give the dutation" classname="Scenario: Verify the Breakdown entry for hired asset_Day based" time="0.001"/>
  <testcase name="Then Give Go" classname="Scenario: Verify the Breakdown entry for hired asset_Day based" time="0"/>
  <testcase name="Then Give Go" classname="Scenario: Verify the Breakdown entry for hired asset_Day based" time="0"/>
  <testcase name="Then click refresh button" classname="Scenario: Verify the Breakdown entry for hired asset_Day based" time="0"/>
  <testcase name="Then Click Create new LogSheet button" classname="Scenario: Verify the Breakdown entry for hired asset_Day based" time="0"/>
  <testcase name="Then Give DayBased Endmeter Reading" classname="Scenario: Verify the Breakdown entry for hired asset_Day based" time="0"/>
  <testcase name="Then Give breakdown hours" classname="Scenario: Verify the Breakdown entry for hired asset_Day based" time="0"/>
  <testcase name="Then Give Day based Production quantity" classname="Scenario: Verify the Breakdown entry for hired asset_Day based" time="0"/>
  <testcase name="Then Click Submit button to submit logsheet" classname="Scenario: Verify the Breakdown entry for hired asset_Day based" time="0"/>
  <testcase name="Scenario: Verify the Breakdown entry for hired asset_Day based" classname="Scenario: Verify the Breakdown entry for hired asset_Day based" time="0.181"/>
  <testcase name="Given Navigate to Test Enviroment" classname="Scenario: Verify the Breakdown entry for Owned asset" time="0"/>
  <testcase name="Then Click on Other User" classname="Scenario: Verify the Breakdown entry for Owned asset" time="0"/>
  <testcase name="Then Enter user name in AMS" classname="Scenario: Verify the Breakdown entry for Owned asset" time="0"/>
  <testcase name="Then Enter the Password in AMS" classname="Scenario: Verify the Breakdown entry for Owned asset" time="0"/>
  <testcase name="Then Click on Login" classname="Scenario: Verify the Breakdown entry for Owned asset" time="0.001"/>
  <testcase name="Then Click the Asset mgmt in menu" classname="Scenario: Verify the Breakdown entry for Owned asset" time="0"/>
  <testcase name="And Click the Operations and Maintenance in menu" classname="Scenario: Verify the Breakdown entry for Owned asset" time="0"/>
  <testcase name="Then Click the LogSheet in menu" classname="Scenario: Verify the Breakdown entry for Owned asset" time="0"/>
  <testcase name="And Select the JobCode" classname="Scenario: Verify the Breakdown entry for Owned asset" time="0"/>
  <testcase name="Then Select the owned Asset code" classname="Scenario: Verify the Breakdown entry for Owned asset" time="0"/>
  <testcase name="Then Give the dutation" classname="Scenario: Verify the Breakdown entry for Owned asset" time="0"/>
  <testcase name="Then Give Go" classname="Scenario: Verify the Breakdown entry for Owned asset" time="0"/>
  <testcase name="Then Click Create new LogSheet button" classname="Scenario: Verify the Breakdown entry for Owned asset" time="0"/>
  <testcase name="Then Click breakdown hyperlink button" classname="Scenario: Verify the Breakdown entry for Owned asset" time="0"/>
  <testcase name="Then Select breakdown type" classname="Scenario: Verify the Breakdown entry for Owned asset" time="0"/>
  <testcase name="Then Give Breakdown time" classname="Scenario: Verify the Breakdown entry for Owned asset" time="0"/>
  <testcase name="Then Give Nature of Defects" classname="Scenario: Verify the Breakdown entry for Owned asset" time="0"/>
  <testcase name="And Give Exp.Commissioning Date" classname="Scenario: Verify the Breakdown entry for Owned asset" time="0"/>
  <testcase name="Then Give Exp.Commissioning time" classname="Scenario: Verify the Breakdown entry for Owned asset" time="0"/>
  <testcase name="Then Give Remarks for Breakdown" classname="Scenario: Verify the Breakdown entry for Owned asset" time="0"/>
  <testcase name="Then Click Submit" classname="Scenario: Verify the Breakdown entry for Owned asset" time="0"/>
  <testcase name="Scenario: Verify the Breakdown entry for Owned asset" classname="Scenario: Verify the Breakdown entry for Owned asset" time="0.283"/>
  <testcase name="Given Navigate to Test Enviroment" classname="Scenario: Verify the DER Creation" time="0"/>
  <testcase name="Given Navigate to Test Enviroment" classname="Scenario: Verify the DER Creation" time="0"/>
  <testcase name="Then Click on Other User" classname="Scenario: Verify the DER Creation" time="0"/>
  <testcase name="Then Click on Other User" classname="Scenario: Verify the DER Creation" time="0"/>
  <testcase name="Then Enter user name in AMS" classname="Scenario: Verify the DER Creation" time="0"/>
  <testcase name="Then Enter user name in AMS" classname="Scenario: Verify the DER Creation" time="0"/>
  <testcase name="Then Enter the Password in AMS" classname="Scenario: Verify the DER Creation" time="0"/>
  <testcase name="Then Enter the Password in AMS" classname="Scenario: Verify the DER Creation" time="0"/>
  <testcase name="Then Click on Login" classname="Scenario: Verify the DER Creation" time="0"/>
  <testcase name="Then Click on Login" classname="Scenario: Verify the DER Creation" time="0"/>
  <testcase name="Then Click the Asset mgmt in menu" classname="Scenario: Verify the DER Creation" time="0"/>
  <testcase name="Then Click the Asset mgmt in menu" classname="Scenario: Verify the DER Creation" time="0"/>
  <testcase name="And Click the Operations and Maintenance in menu" classname="Scenario: Verify the DER Creation" time="0"/>
  <testcase name="And Click the Operations and Maintenance in menu" classname="Scenario: Verify the DER Creation" time="0"/>
  <testcase name="Then Click the BreakDownEntry in menu" classname="Scenario: Verify the DER Creation" time="0"/>
  <testcase name="Then Click the BreakDownEntry in menu" classname="Scenario: Verify the DER Creation" time="0"/>
  <testcase name="And Select the BreakDownJobCode" classname="Scenario: Verify the DER Creation" time="0"/>
  <testcase name="And Select the BreakDownJobCode" classname="Scenario: Verify the DER Creation" time="0"/>
  <testcase name="Then Select the BreakDown Asset code" classname="Scenario: Verify the DER Creation" time="0"/>
  <testcase name="Then Select the BreakDown Asset code" classname="Scenario: Verify the DER Creation" time="0"/>
  <testcase name="Then Give the BreakDown dutation" classname="Scenario: Verify the DER Creation" time="0"/>
  <testcase name="Then Give the BreakDown dutation" classname="Scenario: Verify the DER Creation" time="0"/>
  <testcase name="Then Give Search" classname="Scenario: Verify the DER Creation" time="0"/>
  <testcase name="Then Give Search" classname="Scenario: Verify the DER Creation" time="0"/>
  <testcase name="Then Click Breakdown Asset" classname="Scenario: Verify the DER Creation" time="0"/>
  <testcase name="Then Click Breakdown Asset" classname="Scenario: Verify the DER Creation" time="0"/>
  <testcase name="And Click Detailed Estimatimation Tab" classname="Scenario: Verify the DER Creation" time="0"/>
  <testcase name="And Click Detailed Estimatimation Tab" classname="Scenario: Verify the DER Creation" time="0"/>
  <testcase name="Then Give CauseOfFailure" classname="Scenario: Verify the DER Creation" time="0"/>
  <testcase name="Then Go to sub Assembly" classname="Scenario: Verify the DER Creation" time="0"/>
  <testcase name="Then Give Sub Assembly" classname="Scenario: Verify the DER Creation" time="0"/>
  <testcase name="And Give Agency name" classname="Scenario: Verify the DER Creation" time="0"/>
  <testcase name="And Give Nature of repair" classname="Scenario: Verify the DER Creation" time="0"/>
  <testcase name="And Enter Spares Cost" classname="Scenario: Verify the DER Creation" time="0"/>
  <testcase name="And Give Save" classname="Scenario: Verify the DER Creation" time="0"/>
  <testcase name="And Give Save as Draft" classname="Scenario: Verify the DER Creation" time="0"/>
  <testcase name="Scenario: Verify the DER Creation" classname="Scenario: Verify the DER Creation" time="0.836"/>
  <testcase name="Scenario: Verify the DER Creation" classname="Scenario: Verify the DER Creation" time="0.321"/>
  <testcase name="Then Click Major Sapres tab" classname="Scenario: Verify the DER Creation" time="0"/>
  <testcase name="Then Give Materials" classname="Scenario: Verify the DER Creation" time="0"/>
  <testcase name="Then Give PartNo" classname="Scenario: Verify the DER Creation" time="0"/>
  <testcase name="Then Give PartName" classname="Scenario: Verify the DER Creation" time="0"/>
  <testcase name="Then Give Quantity" classname="Scenario: Verify the DER Creation" time="0"/>
  <testcase name="Then Enter Amount" classname="Scenario: Verify the DER Creation" time="0.001"/>
  <testcase name="Then Give MajorSparesRemarks" classname="Scenario: Verify the DER Creation" time="0"/>
  <testcase name="Then Give Major spares Save" classname="Scenario: Verify the DER Creation" time="0"/>
  <testcase name="And Give Submit" classname="Scenario: Verify the DER Creation" time="0"/>
  <testcase name="Given Navigate to Test Enviroment" classname="Scenario: First level Rejection of DER" time="0"/>
  <testcase name="Then Click on Other User" classname="Scenario: First level Rejection of DER" time="0"/>
  <testcase name="Then Enter First level Approver user ID in AMS" classname="Scenario: First level Rejection of DER" time="0"/>
  <testcase name="Then Enter the Password in AMS" classname="Scenario: First level Rejection of DER" time="0"/>
  <testcase name="Then Click on Login" classname="Scenario: First level Rejection of DER" time="0"/>
  <testcase name="Then Go to Approver WworkBench" classname="Scenario: First level Rejection of DER" time="0"/>
  <testcase name="Then Click filter to find current DER" classname="Scenario: First level Rejection of DER" time="0"/>
  <testcase name="Then Click the DER" classname="Scenario: First level Rejection of DER" time="0"/>
  <testcase name="Then Click Reject button" classname="Scenario: First level Rejection of DER" time="0"/>
  <testcase name="Then Give rejection remark" classname="Scenario: First level Rejection of DER" time="0"/>
  <testcase name="Then Click yes to reject the DER" classname="Scenario: First level Rejection of DER" time="0"/>
  <testcase name="Scenario: First level Rejection of DER" classname="Scenario: First level Rejection of DER" time="0.251"/>
  <testcase name="Given Navigate to Test Enviroment" classname="Scenario: ReSubmit the DER and approve in Level 1" time="0"/>
  <testcase name="Then Click on Other User" classname="Scenario: ReSubmit the DER and approve in Level 1" time="0"/>
  <testcase name="Then Click on Other User" classname="Scenario: ReSubmit the DER and approve in Level 1" time="0"/>
  <testcase name="Then Enter user name in AMS" classname="Scenario: ReSubmit the DER and approve in Level 1" time="0"/>
  <testcase name="Then Enter the Password in AMS" classname="Scenario: ReSubmit the DER and approve in Level 1" time="0"/>
  <testcase name="Then Enter the Password in AMS" classname="Scenario: ReSubmit the DER and approve in Level 1" time="0"/>
  <testcase name="Then Click on Login" classname="Scenario: ReSubmit the DER and approve in Level 1" time="0"/>
  <testcase name="Then Click on Login" classname="Scenario: ReSubmit the DER and approve in Level 1" time="0"/>
  <testcase name="Then Click the Asset mgmt in menu" classname="Scenario: ReSubmit the DER and approve in Level 1" time="0"/>
  <testcase name="And Click the Operations and Maintenance in menu" classname="Scenario: ReSubmit the DER and approve in Level 1" time="0"/>
  <testcase name="Then Click the BreakDownEntry in menu" classname="Scenario: ReSubmit the DER and approve in Level 1" time="0"/>
  <testcase name="And Select the BreakDownJobCode" classname="Scenario: ReSubmit the DER and approve in Level 1" time="0"/>
  <testcase name="Then Select the BreakDown Asset code" classname="Scenario: ReSubmit the DER and approve in Level 1" time="0"/>
  <testcase name="Then Give the BreakDown dutation" classname="Scenario: ReSubmit the DER and approve in Level 1" time="0"/>
  <testcase name="Then Give Search" classname="Scenario: ReSubmit the DER and approve in Level 1" time="0"/>
  <testcase name="Then Click Breakdown Asset" classname="Scenario: ReSubmit the DER and approve in Level 1" time="0.001"/>
  <testcase name="And Click Detailed Estimatimation Tab" classname="Scenario: ReSubmit the DER and approve in Level 1" time="0"/>
  <testcase name="And Click Major Sapres tab" classname="Scenario: ReSubmit the DER and approve in Level 1" time="0"/>
  <testcase name="And Give Submit" classname="Scenario: ReSubmit the DER and approve in Level 1" time="0"/>
  <testcase name="And SignOut from current user" classname="Scenario: ReSubmit the DER and approve in Level 1" time="0"/>
  <testcase name="Then Enter First level Approver user ID in AMS" classname="Scenario: ReSubmit the DER and approve in Level 1" time="0"/>
  <testcase name="Then Go to Approver WworkBench" classname="Scenario: ReSubmit the DER and approve in Level 1" time="0"/>
  <testcase name="Then Click filter to find current DER" classname="Scenario: ReSubmit the DER and approve in Level 1" time="0"/>
  <testcase name="Then Click the DER" classname="Scenario: ReSubmit the DER and approve in Level 1" time="0"/>
  <testcase name="Then Click Approve" classname="Scenario: ReSubmit the DER and approve in Level 1" time="0"/>
  <testcase name="Scenario: ReSubmit the DER and approve in Level 1" classname="Scenario: ReSubmit the DER and approve in Level 1" time="0.279"/>
  <testcase name="Given Navigate to Test Enviroment" classname="Scenario: Second level Rejection of DER" time="0"/>
  <testcase name="Then Click on Other User" classname="Scenario: Second level Rejection of DER" time="0"/>
  <testcase name="Then Enter second level Approver user ID in AMS" classname="Scenario: Second level Rejection of DER" time="0"/>
  <testcase name="Then Enter the Password in AMS" classname="Scenario: Second level Rejection of DER" time="0"/>
  <testcase name="Then Click on Login" classname="Scenario: Second level Rejection of DER" time="0"/>
  <testcase name="Then Go to Approver WworkBench" classname="Scenario: Second level Rejection of DER" time="0"/>
  <testcase name="Then Click filter to find current DER" classname="Scenario: Second level Rejection of DER" time="0"/>
  <testcase name="Then Click the DER" classname="Scenario: Second level Rejection of DER" time="0"/>
  <testcase name="Then Click Reject button" classname="Scenario: Second level Rejection of DER" time="0"/>
  <testcase name="Then Give rejection remark" classname="Scenario: Second level Rejection of DER" time="0"/>
  <testcase name="Then Click yes to reject the DER" classname="Scenario: Second level Rejection of DER" time="0"/>
  <testcase name="Scenario: Second level Rejection of DER" classname="Scenario: Second level Rejection of DER" time="0.268"/>
  <testcase name="Given Navigate to Test Enviroment" classname="Scenario: Resubmit the DER and Approve in both levels" time="0"/>
  <testcase name="Then Click on Other User" classname="Scenario: Resubmit the DER and Approve in both levels" time="0"/>
  <testcase name="Then Click on Other User" classname="Scenario: Resubmit the DER and Approve in both levels" time="0"/>
  <testcase name="Then Click on Other User" classname="Scenario: Resubmit the DER and Approve in both levels" time="0"/>
  <testcase name="Then Enter user name in AMS" classname="Scenario: Resubmit the DER and Approve in both levels" time="0"/>
  <testcase name="Then Enter the Password in AMS" classname="Scenario: Resubmit the DER and Approve in both levels" time="0"/>
  <testcase name="Then Enter the Password in AMS" classname="Scenario: Resubmit the DER and Approve in both levels" time="0"/>
  <testcase name="Then Enter the Password in AMS" classname="Scenario: Resubmit the DER and Approve in both levels" time="0"/>
  <testcase name="Then Click on Login" classname="Scenario: Resubmit the DER and Approve in both levels" time="0"/>
  <testcase name="Then Click on Login" classname="Scenario: Resubmit the DER and Approve in both levels" time="0"/>
  <testcase name="Then Click on Login" classname="Scenario: Resubmit the DER and Approve in both levels" time="0"/>
  <testcase name="Then Click the Asset mgmt in menu" classname="Scenario: Resubmit the DER and Approve in both levels" time="0"/>
  <testcase name="And Click the Operations and Maintenance in menu" classname="Scenario: Resubmit the DER and Approve in both levels" time="0"/>
  <testcase name="Then Click the BreakDownEntry in menu" classname="Scenario: Resubmit the DER and Approve in both levels" time="0"/>
  <testcase name="And Select the BreakDownJobCode" classname="Scenario: Resubmit the DER and Approve in both levels" time="0"/>
  <testcase name="Then Select the BreakDown Asset code" classname="Scenario: Resubmit the DER and Approve in both levels" time="0"/>
  <testcase name="Then Give the BreakDown dutation" classname="Scenario: Resubmit the DER and Approve in both levels" time="0"/>
  <testcase name="Then Give Search" classname="Scenario: Resubmit the DER and Approve in both levels" time="0"/>
  <testcase name="Then Click Breakdown Asset" classname="Scenario: Resubmit the DER and Approve in both levels" time="0"/>
  <testcase name="And Click Detailed Estimatimation Tab" classname="Scenario: Resubmit the DER and Approve in both levels" time="0"/>
  <testcase name="And Click Major Sapres tab" classname="Scenario: Resubmit the DER and Approve in both levels" time="0"/>
  <testcase name="And Give Submit" classname="Scenario: Resubmit the DER and Approve in both levels" time="0"/>
  <testcase name="And SignOut from current user" classname="Scenario: Resubmit the DER and Approve in both levels" time="0"/>
  <testcase name="And SignOut from current user" classname="Scenario: Resubmit the DER and Approve in both levels" time="0"/>
  <testcase name="Then Enter First level Approver user ID in AMS" classname="Scenario: Resubmit the DER and Approve in both levels" time="0"/>
  <testcase name="Then Go to Approver WworkBench" classname="Scenario: Resubmit the DER and Approve in both levels" time="0"/>
  <testcase name="Then Go to Approver WworkBench" classname="Scenario: Resubmit the DER and Approve in both levels" time="0"/>
  <testcase name="Then Click filter to find current DER" classname="Scenario: Resubmit the DER and Approve in both levels" time="0"/>
  <testcase name="Then Click filter to find current DER" classname="Scenario: Resubmit the DER and Approve in both levels" time="0"/>
  <testcase name="Then Click the DER" classname="Scenario: Resubmit the DER and Approve in both levels" time="0"/>
  <testcase name="Then Click the DER" classname="Scenario: Resubmit the DER and Approve in both levels" time="0"/>
  <testcase name="Then Click Approve" classname="Scenario: Resubmit the DER and Approve in both levels" time="0"/>
  <testcase name="Then Click Approve" classname="Scenario: Resubmit the DER and Approve in both levels" time="0"/>
  <testcase name="Then Enter second level Approver user ID in AMS" classname="Scenario: Resubmit the DER and Approve in both levels" time="0"/>
  <testcase name="Scenario: Resubmit the DER and Approve in both levels" classname="Scenario: Resubmit the DER and Approve in both levels" time="0.22"/>
  <testcase name="Given Navigate to Test Enviroment" classname="Scenario: Verify BreakDown PAge" time="0"/>
  <testcase name="Then Click on Other User" classname="Scenario: Verify BreakDown PAge" time="0"/>
  <testcase name="Then Enter user name in AMS" classname="Scenario: Verify BreakDown PAge" time="0"/>
  <testcase name="Then Enter the Password in AMS" classname="Scenario: Verify BreakDown PAge" time="0"/>
  <testcase name="Then Click on Login" classname="Scenario: Verify BreakDown PAge" time="0"/>
  <testcase name="Then Click the Asset mgmt in menu" classname="Scenario: Verify BreakDown PAge" time="0"/>
  <testcase name="And Click the Operations and Maintenance in menu" classname="Scenario: Verify BreakDown PAge" time="0"/>
  <testcase name="Then Click the BreakDownEntry in menu" classname="Scenario: Verify BreakDown PAge" time="0"/>
  <testcase name="And Select the BreakDownJobCode" classname="Scenario: Verify BreakDown PAge" time="0"/>
  <testcase name="Then Select the BreakDown Asset code" classname="Scenario: Verify BreakDown PAge" time="0"/>
  <testcase name="Then Give the BreakDown dutation" classname="Scenario: Verify BreakDown PAge" time="0"/>
  <testcase name="Then Give Search" classname="Scenario: Verify BreakDown PAge" time="0"/>
  <testcase name="Then Click Breakdown Asset" classname="Scenario: Verify BreakDown PAge" time="0"/>
  <testcase name="Then Click Commissiong tab" classname="Scenario: Verify BreakDown PAge" time="0"/>
  <testcase name="Then Enter Commissioning Date" classname="Scenario: Verify BreakDown PAge" time="0"/>
  <testcase name="And Enter Next Maintanence Date" classname="Scenario: Verify BreakDown PAge" time="0"/>
  <testcase name="Then Select Done by" classname="Scenario: Verify BreakDown PAge" time="0.001"/>
  <testcase name="Then Give P&amp;M Incharge" classname="Scenario: Verify BreakDown PAge" time="0"/>
  <testcase name="Then Give Work Done" classname="Scenario: Verify BreakDown PAge" time="0"/>
  <testcase name="And Give remarks" classname="Scenario: Verify BreakDown PAge" time="0"/>
  <testcase name="And Check and print the Primary Engine Meter Type" classname="Scenario: Verify BreakDown PAge" time="0"/>
  <testcase name="Then Click Commissioning Submit" classname="Scenario: Verify BreakDown PAge" time="0"/>
  <testcase name="Scenario: Verify BreakDown PAge" classname="Scenario: Verify BreakDown PAge" time="0.285"/>
</testsuite>